e:\visual projekt\lesson youtube\lesson 133  list\lesson 133  list\x64\debug\vc143.pdb
e:\visual projekt\lesson youtube\lesson 133  list\lesson 133  list\x64\debug\vc143.idb
e:\visual projekt\lesson youtube\lesson 133  list\lesson 133  list\x64\debug\lesson 133  list.obj
e:\visual projekt\lesson youtube\lesson 133  list\lesson 133  list\x64\debug\lesson 133  list.ilk
e:\visual projekt\lesson youtube\lesson 133  list\x64\debug\lesson 133  list.pdb
e:\visual projekt\lesson youtube\lesson 133  list\lesson 133  list\x64\debug\lesson 133  list.tlog\cl.command.1.tlog
e:\visual projekt\lesson youtube\lesson 133  list\lesson 133  list\x64\debug\lesson 133  list.tlog\cl.items.tlog
e:\visual projekt\lesson youtube\lesson 133  list\lesson 133  list\x64\debug\lesson 133  list.tlog\cl.read.1.tlog
e:\visual projekt\lesson youtube\lesson 133  list\lesson 133  list\x64\debug\lesson 133  list.tlog\cl.write.1.tlog
e:\visual projekt\lesson youtube\lesson 133  list\lesson 133  list\x64\debug\lesson 133  list.tlog\link.2040-cvtres.read.1.tlog
e:\visual projekt\lesson youtube\lesson 133  list\lesson 133  list\x64\debug\lesson 133  list.tlog\link.2040-cvtres.write.1.tlog
e:\visual projekt\lesson youtube\lesson 133  list\lesson 133  list\x64\debug\lesson 133  list.tlog\link.2040-rc.read.1.tlog
e:\visual projekt\lesson youtube\lesson 133  list\lesson 133  list\x64\debug\lesson 133  list.tlog\link.2040-rc.write.1.tlog
e:\visual projekt\lesson youtube\lesson 133  list\lesson 133  list\x64\debug\lesson 133  list.tlog\link.2040.read.1.tlog
e:\visual projekt\lesson youtube\lesson 133  list\lesson 133  list\x64\debug\lesson 133  list.tlog\link.2040.read.2.tlog
e:\visual projekt\lesson youtube\lesson 133  list\lesson 133  list\x64\debug\lesson 133  list.tlog\link.2040.write.1.tlog
e:\visual projekt\lesson youtube\lesson 133  list\lesson 133  list\x64\debug\lesson 133  list.tlog\link.command.1.tlog
e:\visual projekt\lesson youtube\lesson 133  list\lesson 133  list\x64\debug\lesson 133  list.tlog\link.read.1.tlog
e:\visual projekt\lesson youtube\lesson 133  list\lesson 133  list\x64\debug\lesson 133  list.tlog\link.secondary.1.tlog
e:\visual projekt\lesson youtube\lesson 133  list\lesson 133  list\x64\debug\lesson 133  list.tlog\link.write.1.tlog
